<?xml version="1.0" encoding="UTF-8"?>
<!-- Generated by org.testng.reporters.JUnitReportReporter -->
<testsuite hostname="LAPTOP-10U52Q9I" failures="0" tests="1" name="day6.xmlschemavalidation" time="2.327" errors="0" timestamp="2023-08-24T18:59:58 SGT" skipped="0">
  <testcase classname="day6.xmlschemavalidation" name="xmlschemaValidation" time="2.327"/>
</testsuite> <!-- day6.xmlschemavalidation -->
