<?xml version="1.0" encoding="UTF-8"?>
<!-- Generated by org.testng.reporters.JUnitReportReporter -->
<testsuite hostname="LAPTOP-10U52Q9I" failures="0" tests="1" name="day7.faker_data_generator" time="0.460" errors="0" timestamp="2023-08-26T16:34:41 SGT" skipped="0">
  <testcase classname="day7.faker_data_generator" name="testGenerateDummyData" time="0.460"/>
</testsuite> <!-- day7.faker_data_generator -->
