<?xml version="1.0" encoding="UTF-8"?>
<!-- Generated by org.testng.reporters.JUnitReportReporter -->
<testsuite hostname="LAPTOP-10U52Q9I" failures="0" tests="2" name="day1.http_request" time="4.907" errors="0" timestamp="2023-10-02T21:55:39 SGT" skipped="0">
  <testcase classname="day1.http_request" name="getUser" time="3.429"/>
  <testcase classname="day1.http_request" name="creatuser" time="1.478"/>
</testsuite> <!-- day1.http_request -->
