<?xml version="1.0" encoding="UTF-8"?>
<!-- Generated by org.testng.reporters.JUnitReportReporter -->
<testsuite hostname="LAPTOP-10U52Q9I" failures="0" tests="1" name="day7.Authentication" time="5.577" errors="0" timestamp="2023-08-26T10:03:27 SGT" skipped="0">
  <testcase classname="day7.Authentication" name="testBasicAuthentication" time="5.577"/>
</testsuite> <!-- day7.Authentication -->
