<?xml version="1.0" encoding="UTF-8"?>
<!-- Generated by org.testng.reporters.JUnitReportReporter -->
<testsuite hostname="LAPTOP-10U52Q9I" failures="0" tests="1" name="day6.JsonSchemaValidation" time="2.882" errors="0" timestamp="2023-08-24T17:08:35 SGT" skipped="0">
  <testcase classname="day6.JsonSchemaValidation" name="jsonschemavalidation" time="2.882"/>
</testsuite> <!-- day6.JsonSchemaValidation -->
