<?xml version="1.0" encoding="UTF-8"?>
<!-- Generated by org.testng.reporters.JUnitReportReporter -->
<testsuite hostname="LAPTOP-10U52Q9I" failures="0" tests="3" name="day5.parsingxml_response" time="6.021" errors="0" timestamp="2023-08-20T10:58:06 SGT" skipped="0">
  <testcase classname="day5.parsingxml_response" name="testxml" time="4.073"/>
  <testcase classname="day5.parsingxml_response" name="getbody" time="0.995"/>
  <testcase classname="day5.parsingxml_response" name="testxmlresponse" time="0.953"/>
</testsuite> <!-- day5.parsingxml_response -->
