<?xml version="1.0" encoding="UTF-8"?>
<!-- Generated by org.testng.reporters.JUnitReportReporter -->
<testsuite hostname="LAPTOP-10U52Q9I" failures="0" tests="1" name="day3.headers_demoTest" time="3.006" errors="0" timestamp="2023-08-08T16:00:23 SGT" skipped="0">
  <testcase classname="day3.headers_demoTest" name="demo_headerTest" time="3.006"/>
</testsuite> <!-- day3.headers_demoTest -->
