<?xml version="1.0" encoding="UTF-8"?>
<!-- Generated by org.testng.reporters.JUnitReportReporter -->
<testsuite hostname="LAPTOP-10U52Q9I" failures="0" tests="2" name="day6.serializationDeserialization" time="0.332" errors="0" timestamp="2023-08-24T21:36:53 SGT" skipped="0">
  <testcase classname="day6.serializationDeserialization" name="serializatio_convert_POJO2Json" time="0.299"/>
  <testcase classname="day6.serializationDeserialization" name="deserializatio_JSON_convert_POJO" time="0.033"/>
</testsuite> <!-- day6.serializationDeserialization -->
