<?xml version="1.0" encoding="UTF-8"?>
<!-- Generated by org.testng.reporters.JUnitReportReporter -->
<testsuite hostname="LAPTOP-10U52Q9I" failures="0" tests="3" name="day2.DIff_way_to_createPost_Request" time="6.019" errors="0" timestamp="2023-08-26T11:20:38 SGT" skipped="0">
  <testcase classname="day2.DIff_way_to_createPost_Request" name="testpostUsing_jsonfile" time="4.225"/>
  <testcase classname="day2.DIff_way_to_createPost_Request" name="testDel" time="0.848"/>
  <testcase classname="day2.DIff_way_to_createPost_Request" name="testpostUsing_akin" time="0.946"/>
</testsuite> <!-- day2.DIff_way_to_createPost_Request -->
