<?xml version="1.0" encoding="UTF-8"?>
<!-- Generated by org.testng.reporters.JUnitReportReporter -->
<testsuite hostname="LAPTOP-10U52Q9I" failures="0" tests="1" name="day3.query_param" time="3.709" errors="0" timestamp="2023-08-07T17:23:56 SGT" skipped="0">
  <testcase classname="day3.query_param" name="test_queryandpath" time="3.709"/>
</testsuite> <!-- day3.query_param -->
