<?xml version="1.0" encoding="UTF-8"?>
<!-- Generated by org.testng.reporters.JUnitReportReporter -->
<testsuite hostname="LAPTOP-10U52Q9I" failures="0" tests="1" name="day3.cookiesdemo" time="2.164" errors="0" timestamp="2023-08-08T11:27:25 SGT" skipped="0">
  <testcase classname="day3.cookiesdemo" name="getcookiesInfo" time="2.164"/>
</testsuite> <!-- day3.cookiesdemo -->
