<?xml version="1.0" encoding="UTF-8"?>
<!-- Generated by org.testng.reporters.JUnitReportReporter -->
<testsuite hostname="LAPTOP-10U52Q9I" failures="0" tests="2" name="day4.jsonparsingresponse" time="4.620" errors="0" timestamp="2023-10-05T21:08:58 SGT" skipped="0">
  <testcase classname="day4.jsonparsingresponse" name="test_jsonResponse" time="2.104"/>
  <testcase classname="day4.jsonparsingresponse" name="testisapa" time="2.516"/>
</testsuite> <!-- day4.jsonparsingresponse -->
