<?xml version="1.0" encoding="UTF-8"?>
<!-- Generated by org.testng.reporters.JUnitReportReporter -->
<testsuite hostname="LAPTOP-10U52Q9I" failures="0" tests="2" name="day3.headers_demo" time="4.579" errors="0" timestamp="2023-08-09T09:53:43 SGT" skipped="0">
  <testcase classname="day3.headers_demo" name="test_headers" time="3.511"/>
  <testcase classname="day3.headers_demo" name="test_headersINfo" time="1.068"/>
</testsuite> <!-- day3.headers_demo -->
