<?xml version="1.0" encoding="UTF-8"?>
<!-- Generated by org.testng.reporters.JUnitReportReporter -->
<testsuite hostname="LAPTOP-10U52Q9I" failures="0" tests="1" name="day8.getUser" time="0.755" errors="0" timestamp="2023-08-30T20:19:42 SGT" skipped="0">
  <testcase classname="day8.getUser" name="test_getuser" time="0.755"/>
</testsuite> <!-- day8.getUser -->
