<?xml version="1.0" encoding="UTF-8"?>
<!-- Generated by org.testng.reporters.JUnitReportReporter -->
<testsuite hostname="LAPTOP-10U52Q9I" failures="0" tests="1" name="day8.deleteUser" time="1.064" errors="0" timestamp="2023-08-30T20:19:42 SGT" skipped="0">
  <testcase classname="day8.deleteUser" name="test_deleteUser" time="1.064"/>
</testsuite> <!-- day8.deleteUser -->
